<?xml version="1.0" encoding="UTF-8"?>
<robot generator="Robot 3.2.2 (Python 3.9.0 on win32)" generated="20210613 22:28:02.107" rpa="false">
<suite id="s1" name="Test" source="C:\Users\iaris\Documents\Automation-Test-Youtube-Music\testCase\Test.robot">
<test id="s1-t1" name="Load Homepage klik logo Youtobe Music">
<kw name="Open Youtube Music">
<kw name="Open Browser" library="SeleniumLibrary">
<doc>Opens a new browser instance to the optional ``url``.</doc>
<arguments>
<arg>${url}</arg>
<arg>${browser_1}</arg>
</arguments>
<msg timestamp="20210613 22:28:02.520" level="INFO">Opening browser 'chrome' to base url 'https://music.youtube.com/'.</msg>
<status status="PASS" starttime="20210613 22:28:02.519" endtime="20210613 22:28:09.768"></status>
</kw>
<kw name="Maximize Browser Window" library="SeleniumLibrary">
<doc>Maximizes current browser window.</doc>
<status status="PASS" starttime="20210613 22:28:09.768" endtime="20210613 22:28:10.041"></status>
</kw>
<status status="PASS" starttime="20210613 22:28:02.519" endtime="20210613 22:28:10.042"></status>
</kw>
<kw name="Click Element" library="SeleniumLibrary">
<doc>Click the element identified by ``locator``.</doc>
<arguments>
<arg>xpath=//div[@id='left-content']/a/picture/img</arg>
</arguments>
<msg timestamp="20210613 22:28:10.054" level="INFO">Clicking element 'xpath=//div[@id='left-content']/a/picture/img'.</msg>
<status status="PASS" starttime="20210613 22:28:10.054" endtime="20210613 22:28:10.339"></status>
</kw>
<kw name="Close Browser" library="SeleniumLibrary">
<doc>Closes the current browser.</doc>
<status status="PASS" starttime="20210613 22:28:10.342" endtime="20210613 22:28:13.179"></status>
</kw>
<status status="PASS" starttime="20210613 22:28:02.517" endtime="20210613 22:28:13.180" critical="yes"></status>
</test>
<test id="s1-t2" name="Load Homepage klik Menu Home">
<kw name="Open Youtube Music">
<kw name="Open Browser" library="SeleniumLibrary">
<doc>Opens a new browser instance to the optional ``url``.</doc>
<arguments>
<arg>${url}</arg>
<arg>${browser_1}</arg>
</arguments>
<msg timestamp="20210613 22:28:13.184" level="INFO">Opening browser 'chrome' to base url 'https://music.youtube.com/'.</msg>
<status status="PASS" starttime="20210613 22:28:13.183" endtime="20210613 22:28:20.861"></status>
</kw>
<kw name="Maximize Browser Window" library="SeleniumLibrary">
<doc>Maximizes current browser window.</doc>
<status status="PASS" starttime="20210613 22:28:20.861" endtime="20210613 22:28:21.144"></status>
</kw>
<status status="PASS" starttime="20210613 22:28:13.183" endtime="20210613 22:28:21.145"></status>
</kw>
<kw name="Click Element" library="SeleniumLibrary">
<doc>Click the element identified by ``locator``.</doc>
<arguments>
<arg>xpath=//ytmusic-app-layout[@id='layout']/ytmusic-nav-bar/div[2]/ytmusic-pivot-bar-renderer/ytmusic-pivot-bar-item-renderer/yt-formatted-string</arg>
</arguments>
<msg timestamp="20210613 22:28:21.148" level="INFO">Clicking element 'xpath=//ytmusic-app-layout[@id='layout']/ytmusic-nav-bar/div[2]/ytmusic-pivot-bar-renderer/ytmusic-pivot-bar-item-renderer/yt-formatted-string'.</msg>
<status status="PASS" starttime="20210613 22:28:21.147" endtime="20210613 22:28:21.448"></status>
</kw>
<kw name="Close Browser" library="SeleniumLibrary">
<doc>Closes the current browser.</doc>
<status status="PASS" starttime="20210613 22:28:21.458" endtime="20210613 22:28:23.889"></status>
</kw>
<status status="PASS" starttime="20210613 22:28:13.182" endtime="20210613 22:28:23.890" critical="yes"></status>
</test>
<test id="s1-t3" name="Load Halaman Explore klik Menu Explore">
<kw name="Open Youtube Music">
<kw name="Open Browser" library="SeleniumLibrary">
<doc>Opens a new browser instance to the optional ``url``.</doc>
<arguments>
<arg>${url}</arg>
<arg>${browser_1}</arg>
</arguments>
<msg timestamp="20210613 22:28:23.895" level="INFO">Opening browser 'chrome' to base url 'https://music.youtube.com/'.</msg>
<status status="PASS" starttime="20210613 22:28:23.894" endtime="20210613 22:28:32.266"></status>
</kw>
<kw name="Maximize Browser Window" library="SeleniumLibrary">
<doc>Maximizes current browser window.</doc>
<status status="PASS" starttime="20210613 22:28:32.266" endtime="20210613 22:28:32.547"></status>
</kw>
<status status="PASS" starttime="20210613 22:28:23.894" endtime="20210613 22:28:32.548"></status>
</kw>
<kw name="Click Element" library="SeleniumLibrary">
<doc>Click the element identified by ``locator``.</doc>
<arguments>
<arg>xpath=//ytmusic-app-layout[@id='layout']/ytmusic-nav-bar/div[2]/ytmusic-pivot-bar-renderer/ytmusic-pivot-bar-item-renderer[2]/yt-formatted-string</arg>
</arguments>
<msg timestamp="20210613 22:28:32.555" level="INFO">Clicking element 'xpath=//ytmusic-app-layout[@id='layout']/ytmusic-nav-bar/div[2]/ytmusic-pivot-bar-renderer/ytmusic-pivot-bar-item-renderer[2]/yt-formatted-string'.</msg>
<status status="PASS" starttime="20210613 22:28:32.554" endtime="20210613 22:28:32.841"></status>
</kw>
<kw name="Close Browser" library="SeleniumLibrary">
<doc>Closes the current browser.</doc>
<status status="PASS" starttime="20210613 22:28:32.842" endtime="20210613 22:28:35.280"></status>
</kw>
<status status="PASS" starttime="20210613 22:28:23.892" endtime="20210613 22:28:35.280" critical="yes"></status>
</test>
<test id="s1-t4" name="Load Halaman Library klik Menu Library">
<kw name="Open Youtube Music">
<kw name="Open Browser" library="SeleniumLibrary">
<doc>Opens a new browser instance to the optional ``url``.</doc>
<arguments>
<arg>${url}</arg>
<arg>${browser_1}</arg>
</arguments>
<msg timestamp="20210613 22:28:35.284" level="INFO">Opening browser 'chrome' to base url 'https://music.youtube.com/'.</msg>
<status status="PASS" starttime="20210613 22:28:35.284" endtime="20210613 22:28:42.876"></status>
</kw>
<kw name="Maximize Browser Window" library="SeleniumLibrary">
<doc>Maximizes current browser window.</doc>
<status status="PASS" starttime="20210613 22:28:42.877" endtime="20210613 22:28:43.149"></status>
</kw>
<status status="PASS" starttime="20210613 22:28:35.283" endtime="20210613 22:28:43.150"></status>
</kw>
<kw name="Click Element" library="SeleniumLibrary">
<doc>Click the element identified by ``locator``.</doc>
<arguments>
<arg>xpath=//ytmusic-app-layout[@id='layout']/ytmusic-nav-bar/div[2]/ytmusic-pivot-bar-renderer/ytmusic-pivot-bar-item-renderer[3]/yt-formatted-string</arg>
</arguments>
<msg timestamp="20210613 22:28:43.152" level="INFO">Clicking element 'xpath=//ytmusic-app-layout[@id='layout']/ytmusic-nav-bar/div[2]/ytmusic-pivot-bar-renderer/ytmusic-pivot-bar-item-renderer[3]/yt-formatted-string'.</msg>
<status status="PASS" starttime="20210613 22:28:43.151" endtime="20210613 22:28:44.997"></status>
</kw>
<kw name="Close Browser" library="SeleniumLibrary">
<doc>Closes the current browser.</doc>
<status status="PASS" starttime="20210613 22:28:44.999" endtime="20210613 22:28:47.424"></status>
</kw>
<status status="PASS" starttime="20210613 22:28:35.282" endtime="20210613 22:28:47.425" critical="yes"></status>
</test>
<test id="s1-t5" name="klik Menu search">
<kw name="Open Youtube Music">
<kw name="Open Browser" library="SeleniumLibrary">
<doc>Opens a new browser instance to the optional ``url``.</doc>
<arguments>
<arg>${url}</arg>
<arg>${browser_1}</arg>
</arguments>
<msg timestamp="20210613 22:28:47.429" level="INFO">Opening browser 'chrome' to base url 'https://music.youtube.com/'.</msg>
<status status="PASS" starttime="20210613 22:28:47.429" endtime="20210613 22:28:55.084"></status>
</kw>
<kw name="Maximize Browser Window" library="SeleniumLibrary">
<doc>Maximizes current browser window.</doc>
<status status="PASS" starttime="20210613 22:28:55.085" endtime="20210613 22:28:55.387"></status>
</kw>
<status status="PASS" starttime="20210613 22:28:47.428" endtime="20210613 22:28:55.388"></status>
</kw>
<kw name="Click Element" library="SeleniumLibrary">
<doc>Click the element identified by ``locator``.</doc>
<arguments>
<arg>xpath=//ytmusic-app-layout[@id='layout']/ytmusic-nav-bar/div[2]/ytmusic-pivot-bar-renderer/ytmusic-pivot-bar-item-renderer[3]/yt-formatted-string</arg>
</arguments>
<msg timestamp="20210613 22:28:55.393" level="INFO">Clicking element 'xpath=//ytmusic-app-layout[@id='layout']/ytmusic-nav-bar/div[2]/ytmusic-pivot-bar-renderer/ytmusic-pivot-bar-item-renderer[3]/yt-formatted-string'.</msg>
<status status="PASS" starttime="20210613 22:28:55.392" endtime="20210613 22:28:57.159"></status>
</kw>
<kw name="Close Browser" library="SeleniumLibrary">
<doc>Closes the current browser.</doc>
<status status="PASS" starttime="20210613 22:28:57.161" endtime="20210613 22:28:59.675"></status>
</kw>
<status status="PASS" starttime="20210613 22:28:47.427" endtime="20210613 22:28:59.676" critical="yes"></status>
</test>
<test id="s1-t6" name="Load Halaman Detail Music">
<kw name="Open Youtube Music">
<kw name="Open Browser" library="SeleniumLibrary">
<doc>Opens a new browser instance to the optional ``url``.</doc>
<arguments>
<arg>${url}</arg>
<arg>${browser_1}</arg>
</arguments>
<msg timestamp="20210613 22:28:59.680" level="INFO">Opening browser 'chrome' to base url 'https://music.youtube.com/'.</msg>
<status status="PASS" starttime="20210613 22:28:59.680" endtime="20210613 22:29:07.340"></status>
</kw>
<kw name="Maximize Browser Window" library="SeleniumLibrary">
<doc>Maximizes current browser window.</doc>
<status status="PASS" starttime="20210613 22:29:07.341" endtime="20210613 22:29:07.603"></status>
</kw>
<status status="PASS" starttime="20210613 22:28:59.679" endtime="20210613 22:29:07.604"></status>
</kw>
<kw name="Click Element" library="SeleniumLibrary">
<doc>Click the element identified by ``locator``.</doc>
<arguments>
<arg>link=One Only</arg>
</arguments>
<msg timestamp="20210613 22:29:07.610" level="INFO">Clicking element 'link=One Only'.</msg>
<kw name="Capture Page Screenshot" library="SeleniumLibrary">
<doc>Takes a screenshot of the current page and embeds it into a log file.</doc>
<msg timestamp="20210613 22:29:09.729" level="INFO" html="yes">&lt;/td&gt;&lt;/tr&gt;&lt;tr&gt;&lt;td colspan="3"&gt;&lt;a href="selenium-screenshot-1.png"&gt;&lt;img src="selenium-screenshot-1.png" width="800px"&gt;&lt;/a&gt;</msg>
<status status="PASS" starttime="20210613 22:29:08.119" endtime="20210613 22:29:09.729"></status>
</kw>
<msg timestamp="20210613 22:29:09.803" level="FAIL">Element with locator 'link=One Only' not found.</msg>
<status status="FAIL" starttime="20210613 22:29:07.610" endtime="20210613 22:29:09.803"></status>
</kw>
<status status="FAIL" starttime="20210613 22:28:59.678" endtime="20210613 22:29:09.805" critical="yes">Element with locator 'link=One Only' not found.</status>
</test>
<test id="s1-t7" name="Load Halaman Detail Artis">
<kw name="Open Youtube Music">
<kw name="Open Browser" library="SeleniumLibrary">
<doc>Opens a new browser instance to the optional ``url``.</doc>
<arguments>
<arg>${url}</arg>
<arg>${browser_1}</arg>
</arguments>
<msg timestamp="20210613 22:29:09.812" level="INFO">Opening browser 'chrome' to base url 'https://music.youtube.com/'.</msg>
<status status="PASS" starttime="20210613 22:29:09.811" endtime="20210613 22:29:18.620"></status>
</kw>
<kw name="Maximize Browser Window" library="SeleniumLibrary">
<doc>Maximizes current browser window.</doc>
<status status="PASS" starttime="20210613 22:29:18.621" endtime="20210613 22:29:18.938"></status>
</kw>
<status status="PASS" starttime="20210613 22:29:09.810" endtime="20210613 22:29:18.940"></status>
</kw>
<kw name="Click Element" library="SeleniumLibrary">
<doc>Click the element identified by ``locator``.</doc>
<arguments>
<arg>link=Pamungkas</arg>
</arguments>
<msg timestamp="20210613 22:29:18.949" level="INFO">Clicking element 'link=Pamungkas'.</msg>
<kw name="Capture Page Screenshot" library="SeleniumLibrary">
<doc>Takes a screenshot of the current page and embeds it into a log file.</doc>
<msg timestamp="20210613 22:29:19.180" level="FAIL">NoSuchWindowException: Message: no such window: target window already closed
from unknown error: web view not found
  (Session info: chrome=91.0.4472.101)
</msg>
<status status="FAIL" starttime="20210613 22:29:19.103" endtime="20210613 22:29:19.180"></status>
</kw>
<msg timestamp="20210613 22:29:19.180" level="WARN">Keyword 'Capture Page Screenshot' could not be run on failure: NoSuchWindowException: Message: no such window: target window already closed
from unknown error: web view not found
  (Session info: chrome=91.0.4472.101)
</msg>
<msg timestamp="20210613 22:29:19.330" level="FAIL">Element with locator 'link=Pamungkas' not found.</msg>
<status status="FAIL" starttime="20210613 22:29:18.949" endtime="20210613 22:29:19.330"></status>
</kw>
<status status="FAIL" starttime="20210613 22:29:09.808" endtime="20210613 22:29:19.334" critical="yes">Element with locator 'link=Pamungkas' not found.</status>
</test>
<test id="s1-t8" name="Load Halaman Detail Album">
<kw name="Open Youtube Music">
<kw name="Open Browser" library="SeleniumLibrary">
<doc>Opens a new browser instance to the optional ``url``.</doc>
<arguments>
<arg>${url}</arg>
<arg>${browser_1}</arg>
</arguments>
<msg timestamp="20210613 22:29:19.353" level="INFO">Opening browser 'chrome' to base url 'https://music.youtube.com/'.</msg>
<status status="PASS" starttime="20210613 22:29:19.353" endtime="20210613 22:29:27.316"></status>
</kw>
<kw name="Maximize Browser Window" library="SeleniumLibrary">
<doc>Maximizes current browser window.</doc>
<status status="PASS" starttime="20210613 22:29:27.317" endtime="20210613 22:29:27.751"></status>
</kw>
<status status="PASS" starttime="20210613 22:29:19.351" endtime="20210613 22:29:27.751"></status>
</kw>
<kw name="Click Element" library="SeleniumLibrary">
<doc>Click the element identified by ``locator``.</doc>
<arguments>
<arg>link=Walk The Talk</arg>
</arguments>
<msg timestamp="20210613 22:29:27.766" level="INFO">Clicking element 'link=Walk The Talk'.</msg>
<kw name="Capture Page Screenshot" library="SeleniumLibrary">
<doc>Takes a screenshot of the current page and embeds it into a log file.</doc>
<msg timestamp="20210613 22:29:29.970" level="INFO" html="yes">&lt;/td&gt;&lt;/tr&gt;&lt;tr&gt;&lt;td colspan="3"&gt;&lt;a href="selenium-screenshot-2.png"&gt;&lt;img src="selenium-screenshot-2.png" width="800px"&gt;&lt;/a&gt;</msg>
<status status="PASS" starttime="20210613 22:29:28.338" endtime="20210613 22:29:29.970"></status>
</kw>
<msg timestamp="20210613 22:29:29.972" level="FAIL">Element with locator 'link=Walk The Talk' not found.</msg>
<status status="FAIL" starttime="20210613 22:29:27.766" endtime="20210613 22:29:29.972"></status>
</kw>
<status status="FAIL" starttime="20210613 22:29:19.339" endtime="20210613 22:29:29.974" critical="yes">Element with locator 'link=Walk The Talk' not found.</status>
</test>
<test id="s1-t9" name="klik Like">
<kw name="Open Youtube Music">
<kw name="Open Browser" library="SeleniumLibrary">
<doc>Opens a new browser instance to the optional ``url``.</doc>
<arguments>
<arg>${url}</arg>
<arg>${browser_1}</arg>
</arguments>
<msg timestamp="20210613 22:29:29.984" level="INFO">Opening browser 'chrome' to base url 'https://music.youtube.com/'.</msg>
<status status="PASS" starttime="20210613 22:29:29.984" endtime="20210613 22:29:38.139"></status>
</kw>
<kw name="Maximize Browser Window" library="SeleniumLibrary">
<doc>Maximizes current browser window.</doc>
<status status="PASS" starttime="20210613 22:29:38.140" endtime="20210613 22:29:38.440"></status>
</kw>
<status status="PASS" starttime="20210613 22:29:29.983" endtime="20210613 22:29:38.440"></status>
</kw>
<kw name="Click Element" library="SeleniumLibrary">
<doc>Click the element identified by ``locator``.</doc>
<arguments>
<arg>xpath=(//tp-yt-iron-icon[@id='icon'])[6]</arg>
</arguments>
<msg timestamp="20210613 22:29:38.484" level="INFO">Clicking element 'xpath=(//tp-yt-iron-icon[@id='icon'])[6]'.</msg>
<status status="PASS" starttime="20210613 22:29:38.484" endtime="20210613 22:29:38.831"></status>
</kw>
<status status="PASS" starttime="20210613 22:29:29.980" endtime="20210613 22:29:38.832" critical="yes"></status>
</test>
<test id="s1-t10" name="klik Dislike">
<kw name="Open Youtube Music">
<kw name="Open Browser" library="SeleniumLibrary">
<doc>Opens a new browser instance to the optional ``url``.</doc>
<arguments>
<arg>${url}</arg>
<arg>${browser_1}</arg>
</arguments>
<msg timestamp="20210613 22:29:38.838" level="INFO">Opening browser 'chrome' to base url 'https://music.youtube.com/'.</msg>
<status status="PASS" starttime="20210613 22:29:38.837" endtime="20210613 22:29:47.700"></status>
</kw>
<kw name="Maximize Browser Window" library="SeleniumLibrary">
<doc>Maximizes current browser window.</doc>
<status status="PASS" starttime="20210613 22:29:47.700" endtime="20210613 22:29:48.066"></status>
</kw>
<status status="PASS" starttime="20210613 22:29:38.836" endtime="20210613 22:29:48.066"></status>
</kw>
<kw name="Click Element" library="SeleniumLibrary">
<doc>Click the element identified by ``locator``.</doc>
<arguments>
<arg>xpath=(//tp-yt-iron-icon[@id='icon'])[5]</arg>
</arguments>
<msg timestamp="20210613 22:29:48.068" level="INFO">Clicking element 'xpath=(//tp-yt-iron-icon[@id='icon'])[5]'.</msg>
<status status="PASS" starttime="20210613 22:29:48.067" endtime="20210613 22:29:48.467"></status>
</kw>
<kw name="Close Browser" library="SeleniumLibrary">
<doc>Closes the current browser.</doc>
<status status="PASS" starttime="20210613 22:29:48.468" endtime="20210613 22:29:51.799"></status>
</kw>
<status status="PASS" starttime="20210613 22:29:38.834" endtime="20210613 22:29:51.800" critical="yes"></status>
</test>
<status status="FAIL" starttime="20210613 22:28:02.110" endtime="20210613 22:29:51.803"></status>
</suite>
<statistics>
<total>
<stat pass="7" fail="3">Critical Tests</stat>
<stat pass="7" fail="3">All Tests</stat>
</total>
<tag>
</tag>
<suite>
<stat pass="7" fail="3" id="s1" name="Test">Test</stat>
</suite>
</statistics>
<errors>
<msg timestamp="20210613 22:29:19.180" level="WARN">Keyword 'Capture Page Screenshot' could not be run on failure: NoSuchWindowException: Message: no such window: target window already closed
from unknown error: web view not found
  (Session info: chrome=91.0.4472.101)
</msg>
</errors>
</robot>
